<?xml version="1.0" encoding="UTF-8"?>
<!-- Generated by org.testng.reporters.JUnitReportReporter -->
<testsuite hostname="LAPTOP-L63QCRR4" failures="0" tests="6" name="TestRunner.CucumberTestRunnerForTags" time="0.121" errors="0" timestamp="2024-05-31T20:18:12 IST" skipped="0">
  <testcase classname="TestRunner.CucumberTestRunnerForTags" name="runScenario" time="0.010"/>
  <testcase classname="TestRunner.CucumberTestRunnerForTags" name="runScenario" time="0.006"/>
  <testcase classname="TestRunner.CucumberTestRunnerForTags" name="runScenario" time="0.003"/>
  <testcase classname="TestRunner.CucumberTestRunnerForTags" name="runScenario" time="0.087"/>
  <testcase classname="TestRunner.CucumberTestRunnerForTags" name="runScenario" time="0.006"/>
  <testcase classname="TestRunner.CucumberTestRunnerForTags" name="runScenario" time="0.009"/>
</testsuite> <!-- TestRunner.CucumberTestRunnerForTags -->
