<?xml version="1.0" encoding="UTF-8"?>
<!-- Generated by org.testng.reporters.JUnitReportReporter -->
<testsuite hostname="LAPTOP-L63QCRR4" failures="0" tests="1" name="TestRunner.CucumberTestRunner" time="12.674" errors="0" timestamp="2024-05-31T20:01:00 IST" skipped="0">
  <testcase classname="TestRunner.CucumberTestRunner" name="runScenario" time="12.674"/>
</testsuite> <!-- TestRunner.CucumberTestRunner -->
